2023-07-26 09:01:28.158  INFO 13992 --- [restartedMain] project.demo.DemoApplication             : Starting DemoApplication using Java 17.0.7 on ADMIN with PID 13992 (D:\JavaWeb\ThucHanhJavaWeb\project2\target\classes started by ADMIN in D:\JavaWeb\ThucHanhJavaWeb\project2)
2023-07-26 09:01:28.180  INFO 13992 --- [restartedMain] project.demo.DemoApplication             : No active profile set, falling back to 1 default profile: "default"
2023-07-26 09:01:29.234  INFO 13992 --- [restartedMain] .e.DevToolsPropertyDefaultsPostProcessor : Devtools property defaults active! Set 'spring.devtools.add-properties' to 'false' to disable
2023-07-26 09:01:29.241  INFO 13992 --- [restartedMain] .e.DevToolsPropertyDefaultsPostProcessor : For additional web related logging consider setting the 'logging.level.web' property to 'DEBUG'
2023-07-26 09:01:32.623  INFO 13992 --- [restartedMain] .s.d.r.c.RepositoryConfigurationDelegate : Bootstrapping Spring Data JPA repositories in DEFAULT mode.
2023-07-26 09:01:32.821  INFO 13992 --- [restartedMain] .s.d.r.c.RepositoryConfigurationDelegate : Finished Spring Data repository scanning in 172 ms. Found 5 JPA repository interfaces.
2023-07-26 09:01:36.097  INFO 13992 --- [restartedMain] o.s.b.w.embedded.tomcat.TomcatWebServer  : Tomcat initialized with port(s): 8081 (http)
2023-07-26 09:01:36.132  INFO 13992 --- [restartedMain] o.apache.catalina.core.StandardService   : Starting service [Tomcat]
2023-07-26 09:01:36.137  INFO 13992 --- [restartedMain] org.apache.catalina.core.StandardEngine  : Starting Servlet engine: [Apache Tomcat/9.0.76]
2023-07-26 09:01:36.441  INFO 13992 --- [restartedMain] o.a.c.c.C.[Tomcat].[localhost].[/]       : Initializing Spring embedded WebApplicationContext
2023-07-26 09:01:36.444  INFO 13992 --- [restartedMain] w.s.c.ServletWebServerApplicationContext : Root WebApplicationContext: initialization completed in 7199 ms
2023-07-26 09:01:37.028  INFO 13992 --- [restartedMain] com.zaxxer.hikari.HikariDataSource       : HikariPool-1 - Starting...
2023-07-26 09:01:38.105  INFO 13992 --- [restartedMain] com.zaxxer.hikari.HikariDataSource       : HikariPool-1 - Start completed.
2023-07-26 09:01:38.283  INFO 13992 --- [restartedMain] o.hibernate.jpa.internal.util.LogHelper  : HHH000204: Processing PersistenceUnitInfo [name: default]
2023-07-26 09:01:38.644  INFO 13992 --- [restartedMain] org.hibernate.Version                    : HHH000412: Hibernate ORM core version 5.6.15.Final
2023-07-26 09:01:39.360  INFO 13992 --- [restartedMain] o.hibernate.annotations.common.Version   : HCANN000001: Hibernate Commons Annotations {5.1.2.Final}
2023-07-26 09:01:39.762  INFO 13992 --- [restartedMain] org.hibernate.dialect.Dialect            : HHH000400: Using dialect: org.hibernate.dialect.MySQL8Dialect
2023-07-26 09:01:42.767  INFO 13992 --- [restartedMain] o.h.e.t.j.p.i.JtaPlatformInitiator       : HHH000490: Using JtaPlatform implementation: [org.hibernate.engine.transaction.jta.platform.internal.NoJtaPlatform]
2023-07-26 09:01:42.797  INFO 13992 --- [restartedMain] j.LocalContainerEntityManagerFactoryBean : Initialized JPA EntityManagerFactory for persistence unit 'default'
2023-07-26 09:01:46.486  INFO 13992 --- [restartedMain] o.s.s.web.DefaultSecurityFilterChain     : Will secure any request with [org.springframework.security.web.session.DisableEncodeUrlFilter@de4355b, org.springframework.security.web.context.request.async.WebAsyncManagerIntegrationFilter@684b24de, org.springframework.security.web.context.SecurityContextPersistenceFilter@384ff938, org.springframework.security.web.header.HeaderWriterFilter@37d7595b, org.springframework.security.web.authentication.logout.LogoutFilter@2217cfc8, project.demo.JwtTokenFilter@60caee68, org.springframework.security.web.authentication.www.BasicAuthenticationFilter@65875b44, org.springframework.security.web.savedrequest.RequestCacheAwareFilter@2b8f1704, org.springframework.security.web.servletapi.SecurityContextHolderAwareRequestFilter@7ecd1c4a, org.springframework.security.web.authentication.AnonymousAuthenticationFilter@37490fe8, org.springframework.security.web.session.SessionManagementFilter@76206efb, org.springframework.security.web.access.ExceptionTranslationFilter@60a8e53b, org.springframework.security.web.access.intercept.AuthorizationFilter@61cdb75f]
2023-07-26 09:01:47.177  WARN 13992 --- [restartedMain] JpaBaseConfiguration$JpaWebConfiguration : spring.jpa.open-in-view is enabled by default. Therefore, database queries may be performed during view rendering. Explicitly configure spring.jpa.open-in-view to disable this warning
2023-07-26 09:01:50.455  INFO 13992 --- [restartedMain] o.s.b.d.a.OptionalLiveReloadServer       : LiveReload server is running on port 35729
2023-07-26 09:01:50.585  INFO 13992 --- [restartedMain] o.s.b.w.embedded.tomcat.TomcatWebServer  : Tomcat started on port(s): 8081 (http) with context path ''
2023-07-26 09:01:50.706  INFO 13992 --- [restartedMain] project.demo.DemoApplication             : Started DemoApplication in 25.119 seconds (JVM running for 33.251)
